
ROM used:   148/32768 (0%)
            148/32768 (0%) including unused fragments

            0.2 Average locations per line
            9.9 Average locations per statement

RAM used:   5/2048 (0%) at main() level
            6/2048 (0%) worst case

Stack used: 0 worst case (0 in main + 0 for interrupts)
Stack size: 31

Lines Stmts  %   Files
----- ----- ---  -----
   26    15 100  lab01.c
    5     0   0  lab01.h
  842     0   0  ..\..\..\..\..\Program Files (x86)\PICC\devices\18F4550.h
----- -----
  873    15 Total

Page ROM  %  RAM    Vol Diff  Functions:
---- --- --- ---    --- ----  ----------
0     42  14    1             @delay_ms1
0    102  34    1    293  1.9  main
 Inline         0             @cinit1

Program metrics:
    Functions               1
    Statements              15
    Comments                166
    Volume (V)              297
    Difficulty (D)          1.7
    Effort to implement (E) 518
    Time to implement (T)   0 minutes
    Est Delivered Bugs (B)  0
    Cyclomatic Complexity   1
    Maintainability (MI)    142

 Segment     Used  Free
-----------  ----  ----
00000-00002     4  0  
00004-07FFE   144  32620  



