
ROM used:   974/32768 (3%)
            974/32768 (3%) including unused fragments

            0.7 Average locations per line
            9.5 Average locations per statement

RAM used:   31/2048 (2%) at main() level
            43/2048 (2%) worst case

Stack used: 6 worst case (5 in main + 1 for interrupts)
Stack size: 31

Lines Stmts  %   Files
----- ----- ---  -----
   32    19  18  lab07_.c
    5     0   0  lab07_.h
  842     0   0  ..\..\..\..\..\Program Files (x86)\PICC\devices\18F4550.h
  456    84  82  ..\..\..\..\..\Program Files (x86)\PICC\drivers\lcd.c
----- -----
 1335   103 Total

Page ROM  %  RAM    Vol Diff  Functions:
---- --- --- ---    --- ----  ----------
0     38   2    1             @delay_ms1
0     66   3    3    596  5.9  lcd_read_byte
0     12   1    0     59  4.2  lcd_read_nibble
0     30   2    1    179  3.3  lcd_send_nibble
0     58   3    3    460  4.7  lcd_send_byte
0    116   6    6    814  7.2  lcd_init
0     34   2    4    208  6.3  lcd_gotoxy
0     80   4    1    354  4.7  lcd_putc
0     74   4    0    318  4.2  timer0_isr
0    112   6    1    436  4.2  MAIN
0      8   0    0             @const675
0     34   2    2             @PSTRINGC_655
0     40   2    3             @DIV88
0    102   5    2             @PRINTF_U_655
 Inline         0             @cinit1

Program metrics:
    Functions               9
    Statements              103
    Comments                269
    Volume (V)              5314
    Difficulty (D)          42.9
    Effort to implement (E) 227838
    Time to implement (T)   3 hours, 31 minutes
    Est Delivered Bugs (B)  1
    Cyclomatic Complexity   9
    Maintainability (MI)    139

 Segment     Used  Free
-----------  ----  ----
00000-00002     4  0  
00004-00006     0  4  
00008-000AC   166  0  
000AE-07FFE   804  31790  



